build/app/intermediates/manifest_merge_blame_file/debug/manifest-merger-blame-debug-report.txt
1<?xml version="1.0" encoding="utf-8"?>
2<manifest xmlns:android="http://schemas.android.com/apk/res/android"
3    package="co.appbrewery.micard_flutter"
4    android:versionCode="1"
5    android:versionName="1.0.0" >
6
7    <uses-sdk
8        android:minSdkVersion="16"
9        android:targetSdkVersion="29" />
10    <!--
11         Flutter needs it to communicate with the running application
12         to allow setting breakpoints, to provide hot reload, etc.
13    -->
14    <uses-permission android:name="android.permission.INTERNET" />
14-->src\main\AndroidManifest.xml:8:5-66
14-->src\main\AndroidManifest.xml:8:22-64
15    <!--
16     io.flutter.app.FlutterApplication is an android.app.Application that
17         calls FlutterMain.startInitialization(this); in its onCreate method.
18         In most cases you can leave this as-is, but you if you want to provide
19         additional functionality it is fine to subclass or reimplement
20         FlutterApplication and put your custom class here.
21    -->
22    <application
22-->src\main\AndroidManifest.xml:15:5-37:19
23        android:appComponentFactory="androidx.core.app.CoreComponentFactory"
23-->[androidx.core:core:1.1.0] AndroidManifest.xml:24:18-86
24        android:debuggable="true"
25        android:icon="@mipmap/ic_launcher"
25-->src\main\AndroidManifest.xml:17:9-43
26        android:label="mi_card" >
26-->src\main\AndroidManifest.xml:16:9-32
27        <activity
27-->src\main\AndroidManifest.xml:18:9-36:20
28            android:name="co.appbrewery.micard.MainActivity"
28-->src\main\AndroidManifest.xml:19:13-41
29            android:configChanges="orientation|keyboardHidden|keyboard|screenSize|locale|layoutDirection|fontScale|screenLayout|density"
29-->src\main\AndroidManifest.xml:22:13-137
30            android:hardwareAccelerated="true"
30-->src\main\AndroidManifest.xml:23:13-47
31            android:launchMode="singleTop"
31-->src\main\AndroidManifest.xml:20:13-43
32            android:theme="@style/LaunchTheme"
32-->src\main\AndroidManifest.xml:21:13-47
33            android:windowSoftInputMode="adjustResize" >
33-->src\main\AndroidManifest.xml:24:13-55
34
35            <!--
36                 This keeps the window background of the activity showing
37                 until Flutter renders its first frame. It can be removed if
38                 there is no splash screen (such as the default splash screen
39                 defined in @style/LaunchTheme).
40            -->
41            <meta-data
41-->src\main\AndroidManifest.xml:29:13-31:50
42                android:name="flutterEmbedding"
42-->src\main\AndroidManifest.xml:31:17-48
43                android:value="true" />
43-->src\main\AndroidManifest.xml:30:17-37
44
45            <intent-filter>
45-->src\main\AndroidManifest.xml:32:13-35:29
46                <action android:name="android.intent.action.MAIN" />
46-->src\main\AndroidManifest.xml:33:17-68
46-->src\main\AndroidManifest.xml:33:25-66
47
48                <category android:name="android.intent.category.LAUNCHER" />
48-->src\main\AndroidManifest.xml:34:17-76
48-->src\main\AndroidManifest.xml:34:27-74
49            </intent-filter>
50        </activity>
51    </application>
52
53</manifest>